Flow report for Projeto-RiscV-Arq
Fri Sep 13 16:38:32 2024
Quartus II 64-Bit Version 13.0.1 Build 232 06/12/2013 Service Pack 1 SJ Web Edition


---------------------
; Table of Contents ;
---------------------
  1. Legal Notice
  2. Flow Summary
  3. Flow Settings
  4. Flow Non-Default Global Settings
  5. Flow Elapsed Time
  6. Flow OS Summary
  7. Flow Log
  8. Flow Messages
  9. Flow Suppressed Messages



----------------
; Legal Notice ;
----------------
Copyright (C) 1991-2013 Altera Corporation
Your use of Altera Corporation's design tools, logic functions 
and other software and tools, and its AMPP partner logic 
functions, and any output files from any of the foregoing 
(including device programming or simulation files), and any 
associated documentation or information are expressly subject 
to the terms and conditions of the Altera Program License 
Subscription Agreement, Altera MegaCore Function License 
Agreement, or other applicable license agreement, including, 
without limitation, that your use is for the sole purpose of 
programming logic devices manufactured by Altera and sold by 
Altera or its authorized distributors.  Please refer to the 
applicable agreement for further details.



+---------------------------------------------------------------------------------------+
; Flow Summary                                                                          ;
+-------------------------------------+-------------------------------------------------+
; Flow Status                         ; Successful - Fri Sep 13 16:38:32 2024           ;
; Quartus II 64-Bit Version           ; 13.0.1 Build 232 06/12/2013 SP 1 SJ Web Edition ;
; Revision Name                       ; Projeto-RiscV-Arq                               ;
; Top-level Entity Name               ; BlocoPlaca                                      ;
; Family                              ; Cyclone V                                       ;
; Device                              ; 5CEBA4F23C7                                     ;
; Timing Models                       ; Final                                           ;
; Logic utilization (in ALMs)         ; 2,040 / 18,480 ( 11 % )                         ;
; Total registers                     ; 3209                                            ;
; Total pins                          ; 8 / 224 ( 4 % )                                 ;
; Total virtual pins                  ; 0                                               ;
; Total block memory bits             ; 4,096 / 3,153,920 ( < 1 % )                     ;
; Total DSP Blocks                    ; 0 / 66 ( 0 % )                                  ;
; Total HSSI RX PCSs                  ; 0                                               ;
; Total HSSI PMA RX Deserializers     ; 0                                               ;
; Total HSSI PMA RX ATT Deserializers ; 0                                               ;
; Total HSSI TX PCSs                  ; 0                                               ;
; Total HSSI PMA TX Serializers       ; 0                                               ;
; Total HSSI PMA TX ATT Serializers   ; 0                                               ;
; Total PLLs                          ; 1 / 4 ( 25 % )                                  ;
; Total DLLs                          ; 0 / 4 ( 0 % )                                   ;
+-------------------------------------+-------------------------------------------------+


+-----------------------------------------+
; Flow Settings                           ;
+-------------------+---------------------+
; Option            ; Setting             ;
+-------------------+---------------------+
; Start date & time ; 09/13/2024 16:35:55 ;
; Main task         ; Compilation         ;
; Revision Name     ; Projeto-RiscV-Arq   ;
+-------------------+---------------------+


+--------------------------------------------------------------------------------------------------------------------------------+
; Flow Non-Default Global Settings                                                                                               ;
+-------------------------------------+---------------------------------------+-------------------+-------------+----------------+
; Assignment Name                     ; Value                                 ; Default Value     ; Entity Name ; Section Id     ;
+-------------------------------------+---------------------------------------+-------------------+-------------+----------------+
; COMPILER_SIGNATURE_ID               ; 106556709552497.172625615510084       ; --                ; --          ; --             ;
; EDA_GENERATE_FUNCTIONAL_NETLIST     ; On                                    ; --                ; --          ; eda_simulation ;
; EDA_OUTPUT_DATA_FORMAT              ; Verilog Hdl                           ; --                ; --          ; eda_simulation ;
; EDA_SIMULATION_TOOL                 ; ModelSim-Altera (Verilog)             ; <None>            ; --          ; --             ;
; MAX_CORE_JUNCTION_TEMP              ; 85                                    ; --                ; --          ; --             ;
; MIN_CORE_JUNCTION_TEMP              ; 0                                     ; --                ; --          ; --             ;
; PARTITION_COLOR                     ; 16764057                              ; --                ; BlocoPlaca  ; Top            ;
; PARTITION_FITTER_PRESERVATION_LEVEL ; PLACEMENT_AND_ROUTING                 ; --                ; BlocoPlaca  ; Top            ;
; PARTITION_NETLIST_TYPE              ; SOURCE                                ; --                ; BlocoPlaca  ; Top            ;
; POWER_BOARD_THERMAL_MODEL           ; None (CONSERVATIVE)                   ; --                ; --          ; --             ;
; POWER_PRESET_COOLING_SOLUTION       ; 23 MM HEAT SINK WITH 200 LFPM AIRFLOW ; --                ; --          ; --             ;
; PROJECT_OUTPUT_DIRECTORY            ; output_files                          ; --                ; --          ; --             ;
; TOP_LEVEL_ENTITY                    ; BlocoPlaca                            ; Projeto-RiscV-Arq ; --          ; --             ;
+-------------------------------------+---------------------------------------+-------------------+-------------+----------------+


+-------------------------------------------------------------------------------------------------------------------------------+
; Flow Elapsed Time                                                                                                             ;
+---------------------------+--------------+-------------------------+---------------------+------------------------------------+
; Module Name               ; Elapsed Time ; Average Processors Used ; Peak Virtual Memory ; Total CPU Time (on all processors) ;
+---------------------------+--------------+-------------------------+---------------------+------------------------------------+
; Analysis & Synthesis      ; 00:00:11     ; 1.0                     ; 4708 MB             ; 00:00:11                           ;
; Fitter                    ; 00:01:47     ; 1.0                     ; 5683 MB             ; 00:01:46                           ;
; Assembler                 ; 00:00:06     ; 1.0                     ; 4726 MB             ; 00:00:05                           ;
; TimeQuest Timing Analyzer ; 00:00:23     ; 1.0                     ; 5213 MB             ; 00:00:23                           ;
; EDA Netlist Writer        ; 00:00:02     ; 1.0                     ; 4665 MB             ; 00:00:02                           ;
; Total                     ; 00:02:29     ; --                      ; --                  ; 00:02:27                           ;
+---------------------------+--------------+-------------------------+---------------------+------------------------------------+


+----------------------------------------------------------------------------------------+
; Flow OS Summary                                                                        ;
+---------------------------+------------------+-----------+------------+----------------+
; Module Name               ; Machine Hostname ; OS Name   ; OS Version ; Processor type ;
+---------------------------+------------------+-----------+------------+----------------+
; Analysis & Synthesis      ; Yara             ; Windows 7 ; 6.2        ; x86_64         ;
; Fitter                    ; Yara             ; Windows 7 ; 6.2        ; x86_64         ;
; Assembler                 ; Yara             ; Windows 7 ; 6.2        ; x86_64         ;
; TimeQuest Timing Analyzer ; Yara             ; Windows 7 ; 6.2        ; x86_64         ;
; EDA Netlist Writer        ; Yara             ; Windows 7 ; 6.2        ; x86_64         ;
+---------------------------+------------------+-----------+------------+----------------+


------------
; Flow Log ;
------------
quartus_map --read_settings_files=on --write_settings_files=off Projeto-RiscV-Arq -c Projeto-RiscV-Arq
quartus_fit --read_settings_files=off --write_settings_files=off Projeto-RiscV-Arq -c Projeto-RiscV-Arq
quartus_asm --read_settings_files=off --write_settings_files=off Projeto-RiscV-Arq -c Projeto-RiscV-Arq
quartus_sta Projeto-RiscV-Arq -c Projeto-RiscV-Arq
quartus_eda --read_settings_files=off --write_settings_files=off Projeto-RiscV-Arq -c Projeto-RiscV-Arq



